# JRE version: OpenJDK Runtime Environment (8.0_242-b01) (build 1.8.0_242-release-1644-b01)
# Java VM: OpenJDK 64-Bit Server VM (25.242-b01 mixed mode windows-amd64 compressed oops)
Heap:
 PSYoungGen      total 255488K, used 102954K [0x00000000e0000000, 0x00000000f4280000, 0x0000000100000000)
  eden space 225792K, 44% used [0x00000000e0000000,0x00000000e62d1600,0x00000000edc80000)
  from space 29696K, 5% used [0x00000000edc80000,0x00000000ede39578,0x00000000ef980000)
  to   space 29696K, 0% used [0x00000000f2580000,0x00000000f2580000,0x00000000f4280000)
 ParOldGen       total 133120K, used 77813K [0x00000000a0000000, 0x00000000a8200000, 0x00000000e0000000)
  object space 133120K, 58% used [0x00000000a0000000,0x00000000a4bfd728,0x00000000a8200000)
 Metaspace       used 104536K, capacity 109536K, committed 109744K, reserved 1144832K
  class space    used 13494K, capacity 14437K, committed 14512K, reserved 1048576K
GC Heap History (10 events):
Event: 1829.155 GC heap before
{Heap before GC invocations=29 (full 4):
 PSYoungGen      total 196608K, used 1208K [0x00000000e0000000, 0x00000000efb80000, 0x0000000100000000)
  eden space 164864K, 0% used [0x00000000e0000000,0x00000000e0000000,0x00000000ea100000)
  from space 31744K, 3% used [0x00000000ea100000,0x00000000ea22e1a8,0x00000000ec000000)
  to   space 32256K, 0% used [0x00000000edc00000,0x00000000edc00000,0x00000000efb80000)
 ParOldGen       total 95744K, used 84469K [0x00000000a0000000, 0x00000000a5d80000, 0x00000000e0000000)
  object space 95744K, 88% used [0x00000000a0000000,0x00000000a527d420,0x00000000a5d80000)
 Metaspace       used 91628K, capacity 95818K, committed 95920K, reserved 1132544K
  class space    used 11788K, capacity 12667K, committed 12720K, reserved 1048576K
Event: 1831.303 GC heap after
Heap after GC invocations=29 (full 4):
 PSYoungGen      total 196608K, used 0K [0x00000000e0000000, 0x00000000efb80000, 0x0000000100000000)
  eden space 164864K, 0% used [0x00000000e0000000,0x00000000e0000000,0x00000000ea100000)
  from space 31744K, 0% used [0x00000000ea100000,0x00000000ea100000,0x00000000ec000000)
  to   space 32256K, 0% used [0x00000000edc00000,0x00000000edc00000,0x00000000efb80000)
 ParOldGen       total 133120K, used 54021K [0x00000000a0000000, 0x00000000a8200000, 0x00000000e0000000)
  object space 133120K, 40% used [0x00000000a0000000,0x00000000a34c1660,0x00000000a8200000)
 Metaspace       used 88821K, capacity 92426K, committed 95920K, reserved 1132544K
  class space    used 11380K, capacity 12144K, committed 12720K, reserved 1048576K
}
Event: 1841.146 GC heap before
{Heap before GC invocations=30 (full 4):
 PSYoungGen      total 196608K, used 164864K [0x00000000e0000000, 0x00000000efb80000, 0x0000000100000000)
  eden space 164864K, 100% used [0x00000000e0000000,0x00000000ea100000,0x00000000ea100000)
  from space 31744K, 0% used [0x00000000ea100000,0x00000000ea100000,0x00000000ec000000)
  to   space 32256K, 0% used [0x00000000edc00000,0x00000000edc00000,0x00000000efb80000)
 ParOldGen       total 133120K, used 54021K [0x00000000a0000000, 0x00000000a8200000, 0x00000000e0000000)
  object space 133120K, 40% used [0x00000000a0000000,0x00000000a34c1660,0x00000000a8200000)
 Metaspace       used 94238K, capacity 97858K, committed 99120K, reserved 1134592K
  class space    used 12070K, capacity 12824K, committed 13104K, reserved 1048576K
Event: 1841.187 GC heap after
Heap after GC invocations=30 (full 4):
 PSYoungGen      total 223232K, used 11021K [0x00000000e0000000, 0x00000000ef900000, 0x0000000100000000)
  eden space 193536K, 0% used [0x00000000e0000000,0x00000000e0000000,0x00000000ebd00000)
  from space 29696K, 37% used [0x00000000edc00000,0x00000000ee6c3628,0x00000000ef900000)
  to   space 30720K, 0% used [0x00000000ebd00000,0x00000000ebd00000,0x00000000edb00000)
 ParOldGen       total 133120K, used 54029K [0x00000000a0000000, 0x00000000a8200000, 0x00000000e0000000)
  object space 133120K, 40% used [0x00000000a0000000,0x00000000a34c3660,0x00000000a8200000)
 Metaspace       used 94238K, capacity 97858K, committed 99120K, reserved 1134592K
  class space    used 12070K, capacity 12824K, committed 13104K, reserved 1048576K
}
Event: 1850.613 GC heap before
{Heap before GC invocations=31 (full 4):
 PSYoungGen      total 223232K, used 204557K [0x00000000e0000000, 0x00000000ef900000, 0x0000000100000000)
  eden space 193536K, 100% used [0x00000000e0000000,0x00000000ebd00000,0x00000000ebd00000)
  from space 29696K, 37% used [0x00000000edc00000,0x00000000ee6c3628,0x00000000ef900000)
  to   space 30720K, 0% used [0x00000000ebd00000,0x00000000ebd00000,0x00000000edb00000)
 ParOldGen       total 133120K, used 54029K [0x00000000a0000000, 0x00000000a8200000, 0x00000000e0000000)
  object space 133120K, 40% used [0x00000000a0000000,0x00000000a34c3660,0x00000000a8200000)
 Metaspace       used 97302K, capacity 101308K, committed 102064K, reserved 1138688K
  class space    used 12515K, capacity 13307K, committed 13488K, reserved 1048576K
Event: 1850.645 GC heap after
Heap after GC invocations=31 (full 4):
 PSYoungGen      total 224256K, used 16885K [0x00000000e0000000, 0x00000000f1700000, 0x0000000100000000)
  eden space 193536K, 0% used [0x00000000e0000000,0x00000000e0000000,0x00000000ebd00000)
  from space 30720K, 54% used [0x00000000ebd00000,0x00000000ecd7d5f8,0x00000000edb00000)
  to   space 30208K, 0% used [0x00000000ef980000,0x00000000ef980000,0x00000000f1700000)
 ParOldGen       total 133120K, used 57883K [0x00000000a0000000, 0x00000000a8200000, 0x00000000e0000000)
  object space 133120K, 43% used [0x00000000a0000000,0x00000000a3886f00,0x00000000a8200000)
 Metaspace       used 97302K, capacity 101308K, committed 102064K, reserved 1138688K
  class space    used 12515K, capacity 13307K, committed 13488K, reserved 1048576K
}
Event: 1855.423 GC heap before
{Heap before GC invocations=32 (full 4):
 PSYoungGen      total 224256K, used 210421K [0x00000000e0000000, 0x00000000f1700000, 0x0000000100000000)
  eden space 193536K, 100% used [0x00000000e0000000,0x00000000ebd00000,0x00000000ebd00000)
  from space 30720K, 54% used [0x00000000ebd00000,0x00000000ecd7d5f8,0x00000000edb00000)
  to   space 30208K, 0% used [0x00000000ef980000,0x00000000ef980000,0x00000000f1700000)
 ParOldGen       total 133120K, used 57883K [0x00000000a0000000, 0x00000000a8200000, 0x00000000e0000000)
  object space 133120K, 43% used [0x00000000a0000000,0x00000000a3886f00,0x00000000a8200000)
 Metaspace       used 102968K, capacity 107620K, committed 107824K, reserved 1142784K
  class space    used 13336K, capacity 14225K, committed 14384K, reserved 1048576K
Event: 1855.507 GC heap after
Heap after GC invocations=32 (full 4):
 PSYoungGen      total 256000K, used 15129K [0x00000000e0000000, 0x00000000f1a80000, 0x0000000100000000)
  eden space 225792K, 0% used [0x00000000e0000000,0x00000000e0000000,0x00000000edc80000)
  from space 30208K, 50% used [0x00000000ef980000,0x00000000f0846670,0x00000000f1700000)
  to   space 29696K, 0% used [0x00000000edc80000,0x00000000edc80000,0x00000000ef980000)
 ParOldGen       total 133120K, used 67596K [0x00000000a0000000, 0x00000000a8200000, 0x00000000e0000000)
  object space 133120K, 50% used [0x00000000a0000000,0x00000000a4203350,0x00000000a8200000)
 Metaspace       used 102968K, capacity 107620K, committed 107824K, reserved 1142784K
  class space    used 13336K, capacity 14225K, committed 14384K, reserved 1048576K
}
Event: 1857.768 GC heap before
{Heap before GC invocations=33 (full 4):
 PSYoungGen      total 256000K, used 240921K [0x00000000e0000000, 0x00000000f1a80000, 0x0000000100000000)
  eden space 225792K, 100% used [0x00000000e0000000,0x00000000edc80000,0x00000000edc80000)
  from space 30208K, 50% used [0x00000000ef980000,0x00000000f0846670,0x00000000f1700000)
  to   space 29696K, 0% used [0x00000000edc80000,0x00000000edc80000,0x00000000ef980000)
 ParOldGen       total 133120K, used 67596K [0x00000000a0000000, 0x00000000a8200000, 0x00000000e0000000)
  object space 133120K, 50% used [0x00000000a0000000,0x00000000a4203350,0x00000000a8200000)
 Metaspace       used 104028K, capacity 108724K, committed 108976K, reserved 1144832K
  class space    used 13428K, capacity 14345K, committed 14512K, reserved 1048576K
Event: 1857.805 GC heap after
Heap after GC invocations=33 (full 4):
 PSYoungGen      total 255488K, used 1765K [0x00000000e0000000, 0x00000000f4280000, 0x0000000100000000)
  eden space 225792K, 0% used [0x00000000e0000000,0x00000000e0000000,0x00000000edc80000)
  from space 29696K, 5% used [0x00000000edc80000,0x00000000ede39578,0x00000000ef980000)
  to   space 29696K, 0% used [0x00000000f2580000,0x00000000f2580000,0x00000000f4280000)
 ParOldGen       total 133120K, used 77813K [0x00000000a0000000, 0x00000000a8200000, 0x00000000e0000000)
  object space 133120K, 58% used [0x00000000a0000000,0x00000000a4bfd728,0x00000000a8200000)
 Metaspace       used 104028K, capacity 108724K, committed 108976K, reserved 1144832K
  class space    used 13428K, capacity 14345K, committed 14512K, reserved 1048576K
}

