# JRE version: OpenJDK Runtime Environment (8.0_242-b01) (build 1.8.0_242-release-1644-b01)
# Java VM: OpenJDK 64-Bit Server VM (25.242-b01 mixed mode windows-amd64 compressed oops)
Heap:
 PSYoungGen      total 157696K, used 85095K [0x00000000eab00000, 0x00000000f8a80000, 0x0000000100000000)
  eden space 109568K, 77% used [0x00000000eab00000,0x00000000efe19c30,0x00000000f1600000)
  from space 48128K, 0% used [0x00000000f4b00000,0x00000000f4b00000,0x00000000f7a00000)
  to   space 54272K, 0% used [0x00000000f1600000,0x00000000f1600000,0x00000000f4b00000)
 ParOldGen       total 92160K, used 59881K [0x00000000c0000000, 0x00000000c5a00000, 0x00000000eab00000)
  object space 92160K, 64% used [0x00000000c0000000,0x00000000c3a7a4a0,0x00000000c5a00000)
 Metaspace       used 98006K, capacity 102946K, committed 103064K, reserved 1138688K
  class space    used 12979K, capacity 13925K, committed 13992K, reserved 1048576K
GC Heap History (10 events):
Event: 255.635 GC heap before
{Heap before GC invocations=33 (full 3):
 PSYoungGen      total 128512K, used 115773K [0x00000000eab00000, 0x00000000f5180000, 0x0000000100000000)
  eden space 96768K, 99% used [0x00000000eab00000,0x00000000f0947f20,0x00000000f0980000)
  from space 31744K, 60% used [0x00000000f0980000,0x00000000f1c47510,0x00000000f2880000)
  to   space 32256K, 0% used [0x00000000f3200000,0x00000000f3200000,0x00000000f5180000)
 ParOldGen       total 92160K, used 54846K [0x00000000c0000000, 0x00000000c5a00000, 0x00000000eab00000)
  object space 92160K, 59% used [0x00000000c0000000,0x00000000c358f9d0,0x00000000c5a00000)
 Metaspace       used 82415K, capacity 86620K, committed 86808K, reserved 1124352K
  class space    used 10952K, capacity 11796K, committed 11816K, reserved 1048576K
Event: 255.686 GC heap after
Heap after GC invocations=33 (full 3):
 PSYoungGen      total 134144K, used 30275K [0x00000000eab00000, 0x00000000f5a00000, 0x0000000100000000)
  eden space 101888K, 0% used [0x00000000eab00000,0x00000000eab00000,0x00000000f0e80000)
  from space 32256K, 93% used [0x00000000f3200000,0x00000000f4f90dc0,0x00000000f5180000)
  to   space 36352K, 0% used [0x00000000f0e80000,0x00000000f0e80000,0x00000000f3200000)
 ParOldGen       total 92160K, used 54854K [0x00000000c0000000, 0x00000000c5a00000, 0x00000000eab00000)
  object space 92160K, 59% used [0x00000000c0000000,0x00000000c35919d0,0x00000000c5a00000)
 Metaspace       used 82415K, capacity 86620K, committed 86808K, reserved 1124352K
  class space    used 10952K, capacity 11796K, committed 11816K, reserved 1048576K
}
Event: 259.258 GC heap before
{Heap before GC invocations=34 (full 3):
 PSYoungGen      total 134144K, used 132163K [0x00000000eab00000, 0x00000000f5a00000, 0x0000000100000000)
  eden space 101888K, 100% used [0x00000000eab00000,0x00000000f0e80000,0x00000000f0e80000)
  from space 32256K, 93% used [0x00000000f3200000,0x00000000f4f90dc0,0x00000000f5180000)
  to   space 36352K, 0% used [0x00000000f0e80000,0x00000000f0e80000,0x00000000f3200000)
 ParOldGen       total 92160K, used 54854K [0x00000000c0000000, 0x00000000c5a00000, 0x00000000eab00000)
  object space 92160K, 59% used [0x00000000c0000000,0x00000000c35919d0,0x00000000c5a00000)
 Metaspace       used 86603K, capacity 90976K, committed 91160K, reserved 1128448K
  class space    used 11603K, capacity 12500K, committed 12584K, reserved 1048576K
Event: 259.338 GC heap after
Heap after GC invocations=34 (full 3):
 PSYoungGen      total 138240K, used 36332K [0x00000000eab00000, 0x00000000f7a00000, 0x0000000100000000)
  eden space 101888K, 0% used [0x00000000eab00000,0x00000000eab00000,0x00000000f0e80000)
  from space 36352K, 99% used [0x00000000f0e80000,0x00000000f31fb268,0x00000000f3200000)
  to   space 48128K, 0% used [0x00000000f4b00000,0x00000000f4b00000,0x00000000f7a00000)
 ParOldGen       total 92160K, used 70542K [0x00000000c0000000, 0x00000000c5a00000, 0x00000000eab00000)
  object space 92160K, 76% used [0x00000000c0000000,0x00000000c44e3b38,0x00000000c5a00000)
 Metaspace       used 86603K, capacity 90976K, committed 91160K, reserved 1128448K
  class space    used 11603K, capacity 12500K, committed 12584K, reserved 1048576K
}
Event: 262.179 GC heap before
{Heap before GC invocations=35 (full 3):
 PSYoungGen      total 138240K, used 138220K [0x00000000eab00000, 0x00000000f7a00000, 0x0000000100000000)
  eden space 101888K, 100% used [0x00000000eab00000,0x00000000f0e80000,0x00000000f0e80000)
  from space 36352K, 99% used [0x00000000f0e80000,0x00000000f31fb268,0x00000000f3200000)
  to   space 48128K, 0% used [0x00000000f4b00000,0x00000000f4b00000,0x00000000f7a00000)
 ParOldGen       total 92160K, used 70542K [0x00000000c0000000, 0x00000000c5a00000, 0x00000000eab00000)
  object space 92160K, 76% used [0x00000000c0000000,0x00000000c44e3b38,0x00000000c5a00000)
 Metaspace       used 88330K, capacity 92724K, committed 92824K, reserved 1130496K
  class space    used 11790K, capacity 12664K, committed 12712K, reserved 1048576K
Event: 262.306 GC heap after
Heap after GC invocations=35 (full 3):
 PSYoungGen      total 157696K, used 44457K [0x00000000eab00000, 0x00000000f8a80000, 0x0000000100000000)
  eden space 109568K, 0% used [0x00000000eab00000,0x00000000eab00000,0x00000000f1600000)
  from space 48128K, 92% used [0x00000000f4b00000,0x00000000f766a688,0x00000000f7a00000)
  to   space 54272K, 0% used [0x00000000f1600000,0x00000000f1600000,0x00000000f4b00000)
 ParOldGen       total 92160K, used 78635K [0x00000000c0000000, 0x00000000c5a00000, 0x00000000eab00000)
  object space 92160K, 85% used [0x00000000c0000000,0x00000000c4ccac20,0x00000000c5a00000)
 Metaspace       used 88330K, capacity 92724K, committed 92824K, reserved 1130496K
  class space    used 11790K, capacity 12664K, committed 12712K, reserved 1048576K
}
Event: 262.381 GC heap before
{Heap before GC invocations=36 (full 4):
 PSYoungGen      total 157696K, used 44457K [0x00000000eab00000, 0x00000000f8a80000, 0x0000000100000000)
  eden space 109568K, 0% used [0x00000000eab00000,0x00000000eab00000,0x00000000f1600000)
  from space 48128K, 92% used [0x00000000f4b00000,0x00000000f766a688,0x00000000f7a00000)
  to   space 54272K, 0% used [0x00000000f1600000,0x00000000f1600000,0x00000000f4b00000)
 ParOldGen       total 92160K, used 78635K [0x00000000c0000000, 0x00000000c5a00000, 0x00000000eab00000)
  object space 92160K, 85% used [0x00000000c0000000,0x00000000c4ccac20,0x00000000c5a00000)
 Metaspace       used 88330K, capacity 92724K, committed 92824K, reserved 1130496K
  class space    used 11790K, capacity 12664K, committed 12712K, reserved 1048576K
Event: 263.803 GC heap after
Heap after GC invocations=36 (full 4):
 PSYoungGen      total 157696K, used 8882K [0x00000000eab00000, 0x00000000f8a80000, 0x0000000100000000)
  eden space 109568K, 0% used [0x00000000eab00000,0x00000000eab00000,0x00000000f1600000)
  from space 48128K, 18% used [0x00000000f4b00000,0x00000000f53acaa8,0x00000000f7a00000)
  to   space 54272K, 0% used [0x00000000f1600000,0x00000000f1600000,0x00000000f4b00000)
 ParOldGen       total 92160K, used 91445K [0x00000000c0000000, 0x00000000c5a00000, 0x00000000eab00000)
  object space 92160K, 99% used [0x00000000c0000000,0x00000000c594d4f0,0x00000000c5a00000)
 Metaspace       used 88202K, capacity 92348K, committed 92824K, reserved 1130496K
  class space    used 11748K, capacity 12590K, committed 12712K, reserved 1048576K
}
Event: 321.718 GC heap before
{Heap before GC invocations=37 (full 5):
 PSYoungGen      total 157696K, used 118450K [0x00000000eab00000, 0x00000000f8a80000, 0x0000000100000000)
  eden space 109568K, 100% used [0x00000000eab00000,0x00000000f1600000,0x00000000f1600000)
  from space 48128K, 18% used [0x00000000f4b00000,0x00000000f53acaa8,0x00000000f7a00000)
  to   space 54272K, 0% used [0x00000000f1600000,0x00000000f1600000,0x00000000f4b00000)
 ParOldGen       total 92160K, used 91445K [0x00000000c0000000, 0x00000000c5a00000, 0x00000000eab00000)
  object space 92160K, 99% used [0x00000000c0000000,0x00000000c594d4f0,0x00000000c5a00000)
 Metaspace       used 93876K, capacity 98424K, committed 98712K, reserved 1134592K
  class space    used 12465K, capacity 13368K, committed 13480K, reserved 1048576K
Event: 321.973 GC heap after
Heap after GC invocations=37 (full 5):
 PSYoungGen      total 157696K, used 0K [0x00000000eab00000, 0x00000000f8a80000, 0x0000000100000000)
  eden space 109568K, 0% used [0x00000000eab00000,0x00000000eab00000,0x00000000f1600000)
  from space 48128K, 0% used [0x00000000f4b00000,0x00000000f4b00000,0x00000000f7a00000)
  to   space 54272K, 0% used [0x00000000f1600000,0x00000000f1600000,0x00000000f4b00000)
 ParOldGen       total 92160K, used 59881K [0x00000000c0000000, 0x00000000c5a00000, 0x00000000eab00000)
  object space 92160K, 64% used [0x00000000c0000000,0x00000000c3a7a4a0,0x00000000c5a00000)
 Metaspace       used 93866K, capacity 98396K, committed 98712K, reserved 1134592K
  class space    used 12461K, capacity 13362K, committed 13480K, reserved 1048576K
}

