# JRE version: OpenJDK Runtime Environment (8.0_242-b01) (build 1.8.0_242-release-1644-b01)
# Java VM: OpenJDK 64-Bit Server VM (25.242-b01 mixed mode windows-amd64 compressed oops)
Heap:
 PSYoungGen      total 195072K, used 138649K [0x00000000eab00000, 0x00000000f7700000, 0x0000000100000000)
  eden space 182784K, 75% used [0x00000000eab00000,0x00000000f32665e8,0x00000000f5d80000)
  from space 12288K, 0% used [0x00000000f6a00000,0x00000000f6a00000,0x00000000f7600000)
  to   space 12800K, 0% used [0x00000000f5d80000,0x00000000f5d80000,0x00000000f6a00000)
 ParOldGen       total 49152K, used 15169K [0x00000000c0000000, 0x00000000c3000000, 0x00000000eab00000)
  object space 49152K, 30% used [0x00000000c0000000,0x00000000c0ed0658,0x00000000c3000000)
 Metaspace       used 45635K, capacity 47068K, committed 47280K, reserved 1089536K
  class space    used 6169K, capacity 6524K, committed 6576K, reserved 1048576K
GC Heap History (10 events):
Event: 12.929 GC heap before
{Heap before GC invocations=8 (full 0):
 PSYoungGen      total 71680K, used 15762K [0x00000000eab00000, 0x00000000f3c00000, 0x0000000100000000)
  eden space 64512K, 13% used [0x00000000eab00000,0x00000000eb366320,0x00000000eea00000)
  from space 7168K, 99% used [0x00000000eea00000,0x00000000ef0fe6c0,0x00000000ef100000)
  to   space 9728K, 0% used [0x00000000f3280000,0x00000000f3280000,0x00000000f3c00000)
 ParOldGen       total 44032K, used 7829K [0x00000000c0000000, 0x00000000c2b00000, 0x00000000eab00000)
  object space 44032K, 17% used [0x00000000c0000000,0x00000000c07a5488,0x00000000c2b00000)
 Metaspace       used 20682K, capacity 21260K, committed 21296K, reserved 1067008K
  class space    used 2898K, capacity 3116K, committed 3120K, reserved 1048576K
Event: 12.936 GC heap after
Heap after GC invocations=8 (full 0):
 PSYoungGen      total 137728K, used 4219K [0x00000000eab00000, 0x00000000f3b00000, 0x0000000100000000)
  eden space 129024K, 0% used [0x00000000eab00000,0x00000000eab00000,0x00000000f2900000)
  from space 8704K, 48% used [0x00000000f3280000,0x00000000f369ee18,0x00000000f3b00000)
  to   space 9216K, 0% used [0x00000000f2900000,0x00000000f2900000,0x00000000f3200000)
 ParOldGen       total 44032K, used 8397K [0x00000000c0000000, 0x00000000c2b00000, 0x00000000eab00000)
  object space 44032K, 19% used [0x00000000c0000000,0x00000000c0833488,0x00000000c2b00000)
 Metaspace       used 20682K, capacity 21260K, committed 21296K, reserved 1067008K
  class space    used 2898K, capacity 3116K, committed 3120K, reserved 1048576K
}
Event: 12.936 GC heap before
{Heap before GC invocations=9 (full 1):
 PSYoungGen      total 137728K, used 4219K [0x00000000eab00000, 0x00000000f3b00000, 0x0000000100000000)
  eden space 129024K, 0% used [0x00000000eab00000,0x00000000eab00000,0x00000000f2900000)
  from space 8704K, 48% used [0x00000000f3280000,0x00000000f369ee18,0x00000000f3b00000)
  to   space 9216K, 0% used [0x00000000f2900000,0x00000000f2900000,0x00000000f3200000)
 ParOldGen       total 44032K, used 8397K [0x00000000c0000000, 0x00000000c2b00000, 0x00000000eab00000)
  object space 44032K, 19% used [0x00000000c0000000,0x00000000c0833488,0x00000000c2b00000)
 Metaspace       used 20682K, capacity 21260K, committed 21296K, reserved 1067008K
  class space    used 2898K, capacity 3116K, committed 3120K, reserved 1048576K
Event: 12.993 GC heap after
Heap after GC invocations=9 (full 1):
 PSYoungGen      total 137728K, used 0K [0x00000000eab00000, 0x00000000f3b00000, 0x0000000100000000)
  eden space 129024K, 0% used [0x00000000eab00000,0x00000000eab00000,0x00000000f2900000)
  from space 8704K, 0% used [0x00000000f3280000,0x00000000f3280000,0x00000000f3b00000)
  to   space 9216K, 0% used [0x00000000f2900000,0x00000000f2900000,0x00000000f3200000)
 ParOldGen       total 31744K, used 7189K [0x00000000c0000000, 0x00000000c1f00000, 0x00000000eab00000)
  object space 31744K, 22% used [0x00000000c0000000,0x00000000c0705400,0x00000000c1f00000)
 Metaspace       used 20682K, capacity 21260K, committed 21296K, reserved 1067008K
  class space    used 2898K, capacity 3116K, committed 3120K, reserved 1048576K
}
Event: 24.143 GC heap before
{Heap before GC invocations=10 (full 1):
 PSYoungGen      total 137728K, used 129024K [0x00000000eab00000, 0x00000000f3b00000, 0x0000000100000000)
  eden space 129024K, 100% used [0x00000000eab00000,0x00000000f2900000,0x00000000f2900000)
  from space 8704K, 0% used [0x00000000f3280000,0x00000000f3280000,0x00000000f3b00000)
  to   space 9216K, 0% used [0x00000000f2900000,0x00000000f2900000,0x00000000f3200000)
 ParOldGen       total 31744K, used 7189K [0x00000000c0000000, 0x00000000c1f00000, 0x00000000eab00000)
  object space 31744K, 22% used [0x00000000c0000000,0x00000000c0705400,0x00000000c1f00000)
 Metaspace       used 32276K, capacity 33080K, committed 33328K, reserved 1077248K
  class space    used 4404K, capacity 4641K, committed 4656K, reserved 1048576K
Event: 24.166 GC heap after
Heap after GC invocations=10 (full 1):
 PSYoungGen      total 138240K, used 9206K [0x00000000eab00000, 0x00000000f7600000, 0x0000000100000000)
  eden space 129024K, 0% used [0x00000000eab00000,0x00000000eab00000,0x00000000f2900000)
  from space 9216K, 99% used [0x00000000f2900000,0x00000000f31fdae8,0x00000000f3200000)
  to   space 12288K, 0% used [0x00000000f6a00000,0x00000000f6a00000,0x00000000f7600000)
 ParOldGen       total 31744K, used 11342K [0x00000000c0000000, 0x00000000c1f00000, 0x00000000eab00000)
  object space 31744K, 35% used [0x00000000c0000000,0x00000000c0b13af0,0x00000000c1f00000)
 Metaspace       used 32276K, capacity 33080K, committed 33328K, reserved 1077248K
  class space    used 4404K, capacity 4641K, committed 4656K, reserved 1048576K
}
Event: 26.805 GC heap before
{Heap before GC invocations=11 (full 1):
 PSYoungGen      total 138240K, used 59315K [0x00000000eab00000, 0x00000000f7600000, 0x0000000100000000)
  eden space 129024K, 38% used [0x00000000eab00000,0x00000000edbef1e8,0x00000000f2900000)
  from space 9216K, 99% used [0x00000000f2900000,0x00000000f31fdae8,0x00000000f3200000)
  to   space 12288K, 0% used [0x00000000f6a00000,0x00000000f6a00000,0x00000000f7600000)
 ParOldGen       total 31744K, used 11342K [0x00000000c0000000, 0x00000000c1f00000, 0x00000000eab00000)
  object space 31744K, 35% used [0x00000000c0000000,0x00000000c0b13af0,0x00000000c1f00000)
 Metaspace       used 34619K, capacity 35462K, committed 35496K, reserved 1079296K
  class space    used 4752K, capacity 5034K, committed 5040K, reserved 1048576K
Event: 26.832 GC heap after
Heap after GC invocations=11 (full 1):
 PSYoungGen      total 195072K, used 8660K [0x00000000eab00000, 0x00000000f7700000, 0x0000000100000000)
  eden space 182784K, 0% used [0x00000000eab00000,0x00000000eab00000,0x00000000f5d80000)
  from space 12288K, 70% used [0x00000000f6a00000,0x00000000f7275328,0x00000000f7600000)
  to   space 12800K, 0% used [0x00000000f5d80000,0x00000000f5d80000,0x00000000f6a00000)
 ParOldGen       total 31744K, used 11350K [0x00000000c0000000, 0x00000000c1f00000, 0x00000000eab00000)
  object space 31744K, 35% used [0x00000000c0000000,0x00000000c0b15af0,0x00000000c1f00000)
 Metaspace       used 34619K, capacity 35462K, committed 35496K, reserved 1079296K
  class space    used 4752K, capacity 5034K, committed 5040K, reserved 1048576K
}
Event: 26.832 GC heap before
{Heap before GC invocations=12 (full 2):
 PSYoungGen      total 195072K, used 8660K [0x00000000eab00000, 0x00000000f7700000, 0x0000000100000000)
  eden space 182784K, 0% used [0x00000000eab00000,0x00000000eab00000,0x00000000f5d80000)
  from space 12288K, 70% used [0x00000000f6a00000,0x00000000f7275328,0x00000000f7600000)
  to   space 12800K, 0% used [0x00000000f5d80000,0x00000000f5d80000,0x00000000f6a00000)
 ParOldGen       total 31744K, used 11350K [0x00000000c0000000, 0x00000000c1f00000, 0x00000000eab00000)
  object space 31744K, 35% used [0x00000000c0000000,0x00000000c0b15af0,0x00000000c1f00000)
 Metaspace       used 34619K, capacity 35462K, committed 35496K, reserved 1079296K
  class space    used 4752K, capacity 5034K, committed 5040K, reserved 1048576K
Event: 26.945 GC heap after
Heap after GC invocations=12 (full 2):
 PSYoungGen      total 195072K, used 0K [0x00000000eab00000, 0x00000000f7700000, 0x0000000100000000)
  eden space 182784K, 0% used [0x00000000eab00000,0x00000000eab00000,0x00000000f5d80000)
  from space 12288K, 0% used [0x00000000f6a00000,0x00000000f6a00000,0x00000000f7600000)
  to   space 12800K, 0% used [0x00000000f5d80000,0x00000000f5d80000,0x00000000f6a00000)
 ParOldGen       total 49152K, used 15169K [0x00000000c0000000, 0x00000000c3000000, 0x00000000eab00000)
  object space 49152K, 30% used [0x00000000c0000000,0x00000000c0ed0658,0x00000000c3000000)
 Metaspace       used 34619K, capacity 35462K, committed 35496K, reserved 1079296K
  class space    used 4752K, capacity 5034K, committed 5040K, reserved 1048576K
}

