# JRE version: OpenJDK Runtime Environment (8.0_242-b01) (build 1.8.0_242-release-1644-b01)
# Java VM: OpenJDK 64-Bit Server VM (25.242-b01 mixed mode windows-amd64 compressed oops)
Heap:
 PSYoungGen      total 267776K, used 34300K [0x00000000eab00000, 0x0000000100000000, 0x0000000100000000)
  eden space 233472K, 0% used [0x00000000eab00000,0x00000000eab00000,0x00000000f8f00000)
  from space 34304K, 99% used [0x00000000fde80000,0x00000000fffff168,0x0000000100000000)
  to   space 57856K, 0% used [0x00000000f8f00000,0x00000000f8f00000,0x00000000fc780000)
 ParOldGen       total 81920K, used 79807K [0x00000000c0000000, 0x00000000c5000000, 0x00000000eab00000)
  object space 81920K, 97% used [0x00000000c0000000,0x00000000c4defe40,0x00000000c5000000)
 Metaspace       used 88873K, capacity 94254K, committed 94616K, reserved 1130496K
  class space    used 11879K, capacity 12844K, committed 12968K, reserved 1048576K
GC Heap History (10 events):
Event: 85.946 GC heap before
{Heap before GC invocations=12 (full 2):
 PSYoungGen      total 232448K, used 101012K [0x00000000eab00000, 0x00000000fec00000, 0x0000000100000000)
  eden space 218624K, 39% used [0x00000000eab00000,0x00000000f0027fc0,0x00000000f8080000)
  from space 13824K, 99% used [0x00000000f8080000,0x00000000f8dfd268,0x00000000f8e00000)
  to   space 19968K, 0% used [0x00000000fd880000,0x00000000fd880000,0x00000000fec00000)
 ParOldGen       total 52736K, used 26230K [0x00000000c0000000, 0x00000000c3380000, 0x00000000eab00000)
  object space 52736K, 49% used [0x00000000c0000000,0x00000000c199d898,0x00000000c3380000)
 Metaspace       used 56982K, capacity 59014K, committed 59160K, reserved 1099776K
  class space    used 7750K, capacity 8214K, committed 8232K, reserved 1048576K
Event: 85.984 GC heap after
Heap after GC invocations=12 (full 2):
 PSYoungGen      total 301568K, used 19892K [0x00000000eab00000, 0x00000000fec00000, 0x0000000100000000)
  eden space 281600K, 0% used [0x00000000eab00000,0x00000000eab00000,0x00000000fbe00000)
  from space 19968K, 99% used [0x00000000fd880000,0x00000000febed308,0x00000000fec00000)
  to   space 23040K, 0% used [0x00000000fbf00000,0x00000000fbf00000,0x00000000fd580000)
 ParOldGen       total 52736K, used 26302K [0x00000000c0000000, 0x00000000c3380000, 0x00000000eab00000)
  object space 52736K, 49% used [0x00000000c0000000,0x00000000c19af8a8,0x00000000c3380000)
 Metaspace       used 56982K, capacity 59014K, committed 59160K, reserved 1099776K
  class space    used 7750K, capacity 8214K, committed 8232K, reserved 1048576K
}
Event: 85.984 GC heap before
{Heap before GC invocations=13 (full 3):
 PSYoungGen      total 301568K, used 19892K [0x00000000eab00000, 0x00000000fec00000, 0x0000000100000000)
  eden space 281600K, 0% used [0x00000000eab00000,0x00000000eab00000,0x00000000fbe00000)
  from space 19968K, 99% used [0x00000000fd880000,0x00000000febed308,0x00000000fec00000)
  to   space 23040K, 0% used [0x00000000fbf00000,0x00000000fbf00000,0x00000000fd580000)
 ParOldGen       total 52736K, used 26302K [0x00000000c0000000, 0x00000000c3380000, 0x00000000eab00000)
  object space 52736K, 49% used [0x00000000c0000000,0x00000000c19af8a8,0x00000000c3380000)
 Metaspace       used 56982K, capacity 59014K, committed 59160K, reserved 1099776K
  class space    used 7750K, capacity 8214K, committed 8232K, reserved 1048576K
Event: 86.326 GC heap after
Heap after GC invocations=13 (full 3):
 PSYoungGen      total 301568K, used 0K [0x00000000eab00000, 0x00000000fec00000, 0x0000000100000000)
  eden space 281600K, 0% used [0x00000000eab00000,0x00000000eab00000,0x00000000fbe00000)
  from space 19968K, 0% used [0x00000000fd880000,0x00000000fd880000,0x00000000fec00000)
  to   space 23040K, 0% used [0x00000000fbf00000,0x00000000fbf00000,0x00000000fd580000)
 ParOldGen       total 81920K, used 34258K [0x00000000c0000000, 0x00000000c5000000, 0x00000000eab00000)
  object space 81920K, 41% used [0x00000000c0000000,0x00000000c2174880,0x00000000c5000000)
 Metaspace       used 56975K, capacity 58990K, committed 59160K, reserved 1099776K
  class space    used 7748K, capacity 8210K, committed 8232K, reserved 1048576K
}
Event: 108.416 GC heap before
{Heap before GC invocations=14 (full 3):
 PSYoungGen      total 301568K, used 281600K [0x00000000eab00000, 0x00000000fec00000, 0x0000000100000000)
  eden space 281600K, 100% used [0x00000000eab00000,0x00000000fbe00000,0x00000000fbe00000)
  from space 19968K, 0% used [0x00000000fd880000,0x00000000fd880000,0x00000000fec00000)
  to   space 23040K, 0% used [0x00000000fbf00000,0x00000000fbf00000,0x00000000fd580000)
 ParOldGen       total 81920K, used 34258K [0x00000000c0000000, 0x00000000c5000000, 0x00000000eab00000)
  object space 81920K, 41% used [0x00000000c0000000,0x00000000c2174880,0x00000000c5000000)
 Metaspace       used 69515K, capacity 72602K, committed 72856K, reserved 1112064K
  class space    used 9546K, capacity 10152K, committed 10152K, reserved 1048576K
Event: 108.455 GC heap after
Heap after GC invocations=14 (full 3):
 PSYoungGen      total 305664K, used 22395K [0x00000000eab00000, 0x0000000100000000, 0x0000000100000000)
  eden space 282624K, 0% used [0x00000000eab00000,0x00000000eab00000,0x00000000fbf00000)
  from space 23040K, 97% used [0x00000000fbf00000,0x00000000fd4deed8,0x00000000fd580000)
  to   space 26624K, 0% used [0x00000000fe600000,0x00000000fe600000,0x0000000100000000)
 ParOldGen       total 81920K, used 34266K [0x00000000c0000000, 0x00000000c5000000, 0x00000000eab00000)
  object space 81920K, 41% used [0x00000000c0000000,0x00000000c2176880,0x00000000c5000000)
 Metaspace       used 69515K, capacity 72602K, committed 72856K, reserved 1112064K
  class space    used 9546K, capacity 10152K, committed 10152K, reserved 1048576K
}
Event: 318.929 GC heap before
{Heap before GC invocations=15 (full 3):
 PSYoungGen      total 305664K, used 305019K [0x00000000eab00000, 0x0000000100000000, 0x0000000100000000)
  eden space 282624K, 100% used [0x00000000eab00000,0x00000000fbf00000,0x00000000fbf00000)
  from space 23040K, 97% used [0x00000000fbf00000,0x00000000fd4deed8,0x00000000fd580000)
  to   space 26624K, 0% used [0x00000000fe600000,0x00000000fe600000,0x0000000100000000)
 ParOldGen       total 81920K, used 34266K [0x00000000c0000000, 0x00000000c5000000, 0x00000000eab00000)
  object space 81920K, 41% used [0x00000000c0000000,0x00000000c2176880,0x00000000c5000000)
 Metaspace       used 78041K, capacity 81934K, committed 82200K, reserved 1120256K
  class space    used 10440K, capacity 11208K, committed 11304K, reserved 1048576K
Event: 319.218 GC heap after
Heap after GC invocations=15 (full 3):
 PSYoungGen      total 307200K, used 26608K [0x00000000eab00000, 0x0000000100000000, 0x0000000100000000)
  eden space 280576K, 0% used [0x00000000eab00000,0x00000000eab00000,0x00000000fbd00000)
  from space 26624K, 99% used [0x00000000fe600000,0x00000000ffffc128,0x0000000100000000)
  to   space 34304K, 0% used [0x00000000fbd00000,0x00000000fbd00000,0x00000000fde80000)
 ParOldGen       total 81920K, used 44031K [0x00000000c0000000, 0x00000000c5000000, 0x00000000eab00000)
  object space 81920K, 53% used [0x00000000c0000000,0x00000000c2afff10,0x00000000c5000000)
 Metaspace       used 78041K, capacity 81934K, committed 82200K, reserved 1120256K
  class space    used 10440K, capacity 11208K, committed 11304K, reserved 1048576K
}
Event: 331.864 GC heap before
{Heap before GC invocations=16 (full 3):
 PSYoungGen      total 307200K, used 307184K [0x00000000eab00000, 0x0000000100000000, 0x0000000100000000)
  eden space 280576K, 100% used [0x00000000eab00000,0x00000000fbd00000,0x00000000fbd00000)
  from space 26624K, 99% used [0x00000000fe600000,0x00000000ffffc128,0x0000000100000000)
  to   space 34304K, 0% used [0x00000000fbd00000,0x00000000fbd00000,0x00000000fde80000)
 ParOldGen       total 81920K, used 44031K [0x00000000c0000000, 0x00000000c5000000, 0x00000000eab00000)
  object space 81920K, 53% used [0x00000000c0000000,0x00000000c2afff10,0x00000000c5000000)
 Metaspace       used 87157K, capacity 92364K, committed 92568K, reserved 1128448K
  class space    used 11727K, capacity 12681K, committed 12712K, reserved 1048576K
Event: 331.978 GC heap after
Heap after GC invocations=16 (full 3):
 PSYoungGen      total 314880K, used 34302K [0x00000000eab00000, 0x0000000100000000, 0x0000000100000000)
  eden space 280576K, 0% used [0x00000000eab00000,0x00000000eab00000,0x00000000fbd00000)
  from space 34304K, 99% used [0x00000000fbd00000,0x00000000fde7f858,0x00000000fde80000)
  to   space 34304K, 0% used [0x00000000fde80000,0x00000000fde80000,0x0000000100000000)
 ParOldGen       total 81920K, used 45196K [0x00000000c0000000, 0x00000000c5000000, 0x00000000eab00000)
  object space 81920K, 55% used [0x00000000c0000000,0x00000000c2c23308,0x00000000c5000000)
 Metaspace       used 87157K, capacity 92364K, committed 92568K, reserved 1128448K
  class space    used 11727K, capacity 12681K, committed 12712K, reserved 1048576K
}

