# JRE version: OpenJDK Runtime Environment (8.0_242-b01) (build 1.8.0_242-release-1644-b01)
# Java VM: OpenJDK 64-Bit Server VM (25.242-b01 mixed mode windows-amd64 compressed oops)
Heap:
 PSYoungGen      total 275456K, used 105254K [0x00000000eab00000, 0x00000000ff700000, 0x0000000100000000)
  eden space 237568K, 42% used [0x00000000eab00000,0x00000000f0d61910,0x00000000f9300000)
  from space 37888K, 11% used [0x00000000f9300000,0x00000000f9768010,0x00000000fb800000)
  to   space 36864K, 0% used [0x00000000fd300000,0x00000000fd300000,0x00000000ff700000)
 ParOldGen       total 156672K, used 67202K [0x00000000c0000000, 0x00000000c9900000, 0x00000000eab00000)
  object space 156672K, 42% used [0x00000000c0000000,0x00000000c41a0be8,0x00000000c9900000)
 Metaspace       used 86639K, capacity 91000K, committed 91928K, reserved 1128448K
  class space    used 11569K, capacity 12389K, committed 12592K, reserved 1048576K
GC Heap History (10 events):
Event: 168.132 GC heap before
{Heap before GC invocations=19 (full 3):
 PSYoungGen      total 194048K, used 194025K [0x00000000eab00000, 0x00000000fb900000, 0x0000000100000000)
  eden space 171520K, 100% used [0x00000000eab00000,0x00000000f5280000,0x00000000f5280000)
  from space 22528K, 99% used [0x00000000f5280000,0x00000000f687a500,0x00000000f6880000)
  to   space 28160K, 0% used [0x00000000f9d80000,0x00000000f9d80000,0x00000000fb900000)
 ParOldGen       total 93184K, used 40383K [0x00000000c0000000, 0x00000000c5b00000, 0x00000000eab00000)
  object space 93184K, 43% used [0x00000000c0000000,0x00000000c276ff20,0x00000000c5b00000)
 Metaspace       used 83383K, capacity 87804K, committed 87960K, reserved 1124352K
  class space    used 11356K, capacity 12189K, committed 12208K, reserved 1048576K
Event: 168.304 GC heap after
Heap after GC invocations=19 (full 3):
 PSYoungGen      total 238080K, used 28144K [0x00000000eab00000, 0x00000000fcb00000, 0x0000000100000000)
  eden space 209920K, 0% used [0x00000000eab00000,0x00000000eab00000,0x00000000f7800000)
  from space 28160K, 99% used [0x00000000f9d80000,0x00000000fb8fc2d0,0x00000000fb900000)
  to   space 38400K, 0% used [0x00000000f7800000,0x00000000f7800000,0x00000000f9d80000)
 ParOldGen       total 93184K, used 57033K [0x00000000c0000000, 0x00000000c5b00000, 0x00000000eab00000)
  object space 93184K, 61% used [0x00000000c0000000,0x00000000c37b27b8,0x00000000c5b00000)
 Metaspace       used 83383K, capacity 87804K, committed 87960K, reserved 1124352K
  class space    used 11356K, capacity 12189K, committed 12208K, reserved 1048576K
}
Event: 173.403 GC heap before
{Heap before GC invocations=20 (full 3):
 PSYoungGen      total 238080K, used 238064K [0x00000000eab00000, 0x00000000fcb00000, 0x0000000100000000)
  eden space 209920K, 100% used [0x00000000eab00000,0x00000000f7800000,0x00000000f7800000)
  from space 28160K, 99% used [0x00000000f9d80000,0x00000000fb8fc2d0,0x00000000fb900000)
  to   space 38400K, 0% used [0x00000000f7800000,0x00000000f7800000,0x00000000f9d80000)
 ParOldGen       total 93184K, used 57033K [0x00000000c0000000, 0x00000000c5b00000, 0x00000000eab00000)
  object space 93184K, 61% used [0x00000000c0000000,0x00000000c37b27b8,0x00000000c5b00000)
 Metaspace       used 86493K, capacity 91334K, committed 91416K, reserved 1128448K
  class space    used 11655K, capacity 12532K, committed 12592K, reserved 1048576K
Event: 173.525 GC heap after
Heap after GC invocations=20 (full 3):
 PSYoungGen      total 248320K, used 3926K [0x00000000eab00000, 0x00000000fee80000, 0x0000000100000000)
  eden space 209920K, 0% used [0x00000000eab00000,0x00000000eab00000,0x00000000f7800000)
  from space 38400K, 10% used [0x00000000f7800000,0x00000000f7bd5b28,0x00000000f9d80000)
  to   space 38400K, 0% used [0x00000000fc900000,0x00000000fc900000,0x00000000fee80000)
 ParOldGen       total 93184K, used 79373K [0x00000000c0000000, 0x00000000c5b00000, 0x00000000eab00000)
  object space 93184K, 85% used [0x00000000c0000000,0x00000000c4d83750,0x00000000c5b00000)
 Metaspace       used 86493K, capacity 91334K, committed 91416K, reserved 1128448K
  class space    used 11655K, capacity 12532K, committed 12592K, reserved 1048576K
}
Event: 173.552 GC heap before
{Heap before GC invocations=21 (full 4):
 PSYoungGen      total 248320K, used 3926K [0x00000000eab00000, 0x00000000fee80000, 0x0000000100000000)
  eden space 209920K, 0% used [0x00000000eab00000,0x00000000eab00000,0x00000000f7800000)
  from space 38400K, 10% used [0x00000000f7800000,0x00000000f7bd5b28,0x00000000f9d80000)
  to   space 38400K, 0% used [0x00000000fc900000,0x00000000fc900000,0x00000000fee80000)
 ParOldGen       total 93184K, used 79373K [0x00000000c0000000, 0x00000000c5b00000, 0x00000000eab00000)
  object space 93184K, 85% used [0x00000000c0000000,0x00000000c4d83750,0x00000000c5b00000)
 Metaspace       used 86493K, capacity 91334K, committed 91416K, reserved 1128448K
  class space    used 11655K, capacity 12532K, committed 12592K, reserved 1048576K
Event: 180.673 GC heap after
Heap after GC invocations=21 (full 4):
 PSYoungGen      total 248320K, used 0K [0x00000000eab00000, 0x00000000fee80000, 0x0000000100000000)
  eden space 209920K, 0% used [0x00000000eab00000,0x00000000eab00000,0x00000000f7800000)
  from space 38400K, 0% used [0x00000000f7800000,0x00000000f7800000,0x00000000f9d80000)
  to   space 38400K, 0% used [0x00000000fc900000,0x00000000fc900000,0x00000000fee80000)
 ParOldGen       total 156672K, used 67194K [0x00000000c0000000, 0x00000000c9900000, 0x00000000eab00000)
  object space 156672K, 42% used [0x00000000c0000000,0x00000000c419ebe8,0x00000000c9900000)
 Metaspace       used 86189K, capacity 90500K, committed 91416K, reserved 1128448K
  class space    used 11551K, capacity 12349K, committed 12592K, reserved 1048576K
}
Event: 182.791 GC heap before
{Heap before GC invocations=22 (full 4):
 PSYoungGen      total 248320K, used 209920K [0x00000000eab00000, 0x00000000fee80000, 0x0000000100000000)
  eden space 209920K, 100% used [0x00000000eab00000,0x00000000f7800000,0x00000000f7800000)
  from space 38400K, 0% used [0x00000000f7800000,0x00000000f7800000,0x00000000f9d80000)
  to   space 38400K, 0% used [0x00000000fc900000,0x00000000fc900000,0x00000000fee80000)
 ParOldGen       total 156672K, used 67194K [0x00000000c0000000, 0x00000000c9900000, 0x00000000eab00000)
  object space 156672K, 42% used [0x00000000c0000000,0x00000000c419ebe8,0x00000000c9900000)
 Metaspace       used 86349K, capacity 90608K, committed 91672K, reserved 1128448K
  class space    used 11557K, capacity 12353K, committed 12592K, reserved 1048576K
Event: 182.810 GC heap after
Heap after GC invocations=22 (full 4):
 PSYoungGen      total 258048K, used 2886K [0x00000000eab00000, 0x00000000fdd00000, 0x0000000100000000)
  eden space 237568K, 0% used [0x00000000eab00000,0x00000000eab00000,0x00000000f9300000)
  from space 20480K, 14% used [0x00000000fc900000,0x00000000fcbd19e0,0x00000000fdd00000)
  to   space 37888K, 0% used [0x00000000f9300000,0x00000000f9300000,0x00000000fb800000)
 ParOldGen       total 156672K, used 67202K [0x00000000c0000000, 0x00000000c9900000, 0x00000000eab00000)
  object space 156672K, 42% used [0x00000000c0000000,0x00000000c41a0be8,0x00000000c9900000)
 Metaspace       used 86349K, capacity 90608K, committed 91672K, reserved 1128448K
  class space    used 11557K, capacity 12353K, committed 12592K, reserved 1048576K
}
Event: 186.183 GC heap before
{Heap before GC invocations=23 (full 4):
 PSYoungGen      total 258048K, used 240454K [0x00000000eab00000, 0x00000000fdd00000, 0x0000000100000000)
  eden space 237568K, 100% used [0x00000000eab00000,0x00000000f9300000,0x00000000f9300000)
  from space 20480K, 14% used [0x00000000fc900000,0x00000000fcbd19e0,0x00000000fdd00000)
  to   space 37888K, 0% used [0x00000000f9300000,0x00000000f9300000,0x00000000fb800000)
 ParOldGen       total 156672K, used 67202K [0x00000000c0000000, 0x00000000c9900000, 0x00000000eab00000)
  object space 156672K, 42% used [0x00000000c0000000,0x00000000c41a0be8,0x00000000c9900000)
 Metaspace       used 86539K, capacity 90860K, committed 91672K, reserved 1128448K
  class space    used 11569K, capacity 12389K, committed 12592K, reserved 1048576K
Event: 186.203 GC heap after
Heap after GC invocations=23 (full 4):
 PSYoungGen      total 275456K, used 4512K [0x00000000eab00000, 0x00000000ff700000, 0x0000000100000000)
  eden space 237568K, 0% used [0x00000000eab00000,0x00000000eab00000,0x00000000f9300000)
  from space 37888K, 11% used [0x00000000f9300000,0x00000000f9768010,0x00000000fb800000)
  to   space 36864K, 0% used [0x00000000fd300000,0x00000000fd300000,0x00000000ff700000)
 ParOldGen       total 156672K, used 67202K [0x00000000c0000000, 0x00000000c9900000, 0x00000000eab00000)
  object space 156672K, 42% used [0x00000000c0000000,0x00000000c41a0be8,0x00000000c9900000)
 Metaspace       used 86539K, capacity 90860K, committed 91672K, reserved 1128448K
  class space    used 11569K, capacity 12389K, committed 12592K, reserved 1048576K
}

