# JRE version: OpenJDK Runtime Environment (8.0_242-b01) (build 1.8.0_242-release-1644-b01)
# Java VM: OpenJDK 64-Bit Server VM (25.242-b01 mixed mode windows-amd64 compressed oops)
Heap:
 PSYoungGen      total 293888K, used 251503K [0x00000000eab00000, 0x00000000ff680000, 0x0000000100000000)
  eden space 273408K, 90% used [0x00000000eab00000,0x00000000f9d89c50,0x00000000fb600000)
  from space 20480K, 15% used [0x00000000fb600000,0x00000000fb912188,0x00000000fca00000)
  to   space 19456K, 0% used [0x00000000fe380000,0x00000000fe380000,0x00000000ff680000)
 ParOldGen       total 121344K, used 107702K [0x00000000c0000000, 0x00000000c7680000, 0x00000000eab00000)
  object space 121344K, 88% used [0x00000000c0000000,0x00000000c692d860,0x00000000c7680000)
 Metaspace       used 87080K, capacity 91445K, committed 91544K, reserved 1128448K
  class space    used 11574K, capacity 12400K, committed 12456K, reserved 1048576K
GC Heap History (10 events):
Event: 111.651 GC heap before
{Heap before GC invocations=71 (full 4):
 PSYoungGen      total 245760K, used 229454K [0x00000000eab00000, 0x00000000fb780000, 0x0000000100000000)
  eden space 222720K, 100% used [0x00000000eab00000,0x00000000f8480000,0x00000000f8480000)
  from space 23040K, 29% used [0x00000000fa100000,0x00000000fa793b38,0x00000000fb780000)
  to   space 26112K, 0% used [0x00000000f8480000,0x00000000f8480000,0x00000000f9e00000)
 ParOldGen       total 121344K, used 95377K [0x00000000c0000000, 0x00000000c7680000, 0x00000000eab00000)
  object space 121344K, 78% used [0x00000000c0000000,0x00000000c5d24400,0x00000000c7680000)
 Metaspace       used 86965K, capacity 91351K, committed 91544K, reserved 1128448K
  class space    used 11572K, capacity 12399K, committed 12456K, reserved 1048576K
Event: 111.681 GC heap after
Heap after GC invocations=71 (full 4):
 PSYoungGen      total 248832K, used 6587K [0x00000000eab00000, 0x00000000fca80000, 0x0000000100000000)
  eden space 222720K, 0% used [0x00000000eab00000,0x00000000eab00000,0x00000000f8480000)
  from space 26112K, 25% used [0x00000000f8480000,0x00000000f8aeee80,0x00000000f9e00000)
  to   space 24064K, 0% used [0x00000000fb300000,0x00000000fb300000,0x00000000fca80000)
 ParOldGen       total 121344K, used 96552K [0x00000000c0000000, 0x00000000c7680000, 0x00000000eab00000)
  object space 121344K, 79% used [0x00000000c0000000,0x00000000c5e4a2c8,0x00000000c7680000)
 Metaspace       used 86965K, capacity 91351K, committed 91544K, reserved 1128448K
  class space    used 11572K, capacity 12399K, committed 12456K, reserved 1048576K
}
Event: 112.743 GC heap before
{Heap before GC invocations=72 (full 4):
 PSYoungGen      total 248832K, used 229307K [0x00000000eab00000, 0x00000000fca80000, 0x0000000100000000)
  eden space 222720K, 100% used [0x00000000eab00000,0x00000000f8480000,0x00000000f8480000)
  from space 26112K, 25% used [0x00000000f8480000,0x00000000f8aeee80,0x00000000f9e00000)
  to   space 24064K, 0% used [0x00000000fb300000,0x00000000fb300000,0x00000000fca80000)
 ParOldGen       total 121344K, used 96552K [0x00000000c0000000, 0x00000000c7680000, 0x00000000eab00000)
  object space 121344K, 79% used [0x00000000c0000000,0x00000000c5e4a2c8,0x00000000c7680000)
 Metaspace       used 86976K, capacity 91351K, committed 91544K, reserved 1128448K
  class space    used 11572K, capacity 12399K, committed 12456K, reserved 1048576K
Event: 112.772 GC heap after
Heap after GC invocations=72 (full 4):
 PSYoungGen      total 270848K, used 2309K [0x00000000eab00000, 0x00000000fca00000, 0x0000000100000000)
  eden space 247296K, 0% used [0x00000000eab00000,0x00000000eab00000,0x00000000f9c80000)
  from space 23552K, 9% used [0x00000000fb300000,0x00000000fb541710,0x00000000fca00000)
  to   space 23040K, 0% used [0x00000000f9c80000,0x00000000f9c80000,0x00000000fb300000)
 ParOldGen       total 121344K, used 101571K [0x00000000c0000000, 0x00000000c7680000, 0x00000000eab00000)
  object space 121344K, 83% used [0x00000000c0000000,0x00000000c6330dc0,0x00000000c7680000)
 Metaspace       used 86976K, capacity 91351K, committed 91544K, reserved 1128448K
  class space    used 11572K, capacity 12399K, committed 12456K, reserved 1048576K
}
Event: 114.700 GC heap before
{Heap before GC invocations=73 (full 4):
 PSYoungGen      total 270848K, used 249605K [0x00000000eab00000, 0x00000000fca00000, 0x0000000100000000)
  eden space 247296K, 100% used [0x00000000eab00000,0x00000000f9c80000,0x00000000f9c80000)
  from space 23552K, 9% used [0x00000000fb300000,0x00000000fb541710,0x00000000fca00000)
  to   space 23040K, 0% used [0x00000000f9c80000,0x00000000f9c80000,0x00000000fb300000)
 ParOldGen       total 121344K, used 101571K [0x00000000c0000000, 0x00000000c7680000, 0x00000000eab00000)
  object space 121344K, 83% used [0x00000000c0000000,0x00000000c6330dc0,0x00000000c7680000)
 Metaspace       used 86990K, capacity 91419K, committed 91544K, reserved 1128448K
  class space    used 11572K, capacity 12399K, committed 12456K, reserved 1048576K
Event: 114.720 GC heap after
Heap after GC invocations=73 (full 4):
 PSYoungGen      total 270336K, used 6790K [0x00000000eab00000, 0x00000000fe000000, 0x0000000100000000)
  eden space 247296K, 0% used [0x00000000eab00000,0x00000000eab00000,0x00000000f9c80000)
  from space 23040K, 29% used [0x00000000f9c80000,0x00000000fa321928,0x00000000fb300000)
  to   space 21504K, 0% used [0x00000000fcb00000,0x00000000fcb00000,0x00000000fe000000)
 ParOldGen       total 121344K, used 102039K [0x00000000c0000000, 0x00000000c7680000, 0x00000000eab00000)
  object space 121344K, 84% used [0x00000000c0000000,0x00000000c63a5ca0,0x00000000c7680000)
 Metaspace       used 86990K, capacity 91419K, committed 91544K, reserved 1128448K
  class space    used 11572K, capacity 12399K, committed 12456K, reserved 1048576K
}
Event: 115.996 GC heap before
{Heap before GC invocations=74 (full 4):
 PSYoungGen      total 270336K, used 254086K [0x00000000eab00000, 0x00000000fe000000, 0x0000000100000000)
  eden space 247296K, 100% used [0x00000000eab00000,0x00000000f9c80000,0x00000000f9c80000)
  from space 23040K, 29% used [0x00000000f9c80000,0x00000000fa321928,0x00000000fb300000)
  to   space 21504K, 0% used [0x00000000fcb00000,0x00000000fcb00000,0x00000000fe000000)
 ParOldGen       total 121344K, used 102039K [0x00000000c0000000, 0x00000000c7680000, 0x00000000eab00000)
  object space 121344K, 84% used [0x00000000c0000000,0x00000000c63a5ca0,0x00000000c7680000)
 Metaspace       used 87015K, capacity 91425K, committed 91544K, reserved 1128448K
  class space    used 11573K, capacity 12400K, committed 12456K, reserved 1048576K
Event: 116.020 GC heap after
Heap after GC invocations=74 (full 4):
 PSYoungGen      total 292864K, used 3339K [0x00000000eab00000, 0x00000000fde00000, 0x0000000100000000)
  eden space 273408K, 0% used [0x00000000eab00000,0x00000000eab00000,0x00000000fb600000)
  from space 19456K, 17% used [0x00000000fcb00000,0x00000000fce42cb0,0x00000000fde00000)
  to   space 20480K, 0% used [0x00000000fb600000,0x00000000fb600000,0x00000000fca00000)
 ParOldGen       total 121344K, used 106693K [0x00000000c0000000, 0x00000000c7680000, 0x00000000eab00000)
  object space 121344K, 87% used [0x00000000c0000000,0x00000000c6831500,0x00000000c7680000)
 Metaspace       used 87015K, capacity 91425K, committed 91544K, reserved 1128448K
  class space    used 11573K, capacity 12400K, committed 12456K, reserved 1048576K
}
Event: 117.977 GC heap before
{Heap before GC invocations=75 (full 4):
 PSYoungGen      total 292864K, used 276747K [0x00000000eab00000, 0x00000000fde00000, 0x0000000100000000)
  eden space 273408K, 100% used [0x00000000eab00000,0x00000000fb600000,0x00000000fb600000)
  from space 19456K, 17% used [0x00000000fcb00000,0x00000000fce42cb0,0x00000000fde00000)
  to   space 20480K, 0% used [0x00000000fb600000,0x00000000fb600000,0x00000000fca00000)
 ParOldGen       total 121344K, used 106693K [0x00000000c0000000, 0x00000000c7680000, 0x00000000eab00000)
  object space 121344K, 87% used [0x00000000c0000000,0x00000000c6831500,0x00000000c7680000)
 Metaspace       used 87031K, capacity 91429K, committed 91544K, reserved 1128448K
  class space    used 11573K, capacity 12400K, committed 12456K, reserved 1048576K
Event: 117.998 GC heap after
Heap after GC invocations=75 (full 4):
 PSYoungGen      total 293888K, used 3144K [0x00000000eab00000, 0x00000000ff680000, 0x0000000100000000)
  eden space 273408K, 0% used [0x00000000eab00000,0x00000000eab00000,0x00000000fb600000)
  from space 20480K, 15% used [0x00000000fb600000,0x00000000fb912188,0x00000000fca00000)
  to   space 19456K, 0% used [0x00000000fe380000,0x00000000fe380000,0x00000000ff680000)
 ParOldGen       total 121344K, used 107702K [0x00000000c0000000, 0x00000000c7680000, 0x00000000eab00000)
  object space 121344K, 88% used [0x00000000c0000000,0x00000000c692d860,0x00000000c7680000)
 Metaspace       used 87031K, capacity 91429K, committed 91544K, reserved 1128448K
  class space    used 11573K, capacity 12400K, committed 12456K, reserved 1048576K
}

